<?xml version="1.0" encoding="utf-8"?><testsuites name="pytest tests"><testsuite name="pytest" errors="0" failures="0" skipped="0" tests="144" time="37.830" timestamp="2026-09-10T06:00:35.397986-07:00" hostname="MacBook-Pro-205.local"><testcase classname="tests.test_uq_bayes" name="test_shapes_and_psd" time="9.770" /><testcase classname="tests.test_uq_bayes" name="test_marginal_cd_wider_than_posterior" time="0.000" /><testcase classname="tests.test_uq_bayes" name="test_neff_below_n" time="0.000" /><testcase classname="tests.test_uq_bayes" name="test_components_finite_and_positive" time="0.000" /><testcase classname="tests.test_uq_bayes" name="test_posterior_tracks_truth" time="0.000" /><testcase classname="tests.test_uq_depth" name="test_kernel_peak_depth_decreases_with_frequency" time="8.400" /><testcase classname="tests.test_uq_depth" name="test_area_normalisation_unit_integral" time="4.036" /><testcase classname="tests.test_uq_depth" name="test_depth_inversion_recovers_smooth_bump_and_brackets_truth" time="4.199" /><testcase classname="tests.test_uq_depth" name="test_resolution_trace_bounded_by_band_count" time="3.975" /><testcase classname="tests.test_uq_depth" name="test_shape_validation" time="3.980" /><testcase classname="tests.test_uq_measurement" name="test_weaver_error_monotone_in_coherence" time="0.000" /><testcase classname="tests.test_uq_measurement" name="test_weaver_error_vectorised_and_validated" time="0.000" /><testcase classname="tests.test_uq_measurement" name="test_processing_ensemble_total_variance" time="0.000" /><testcase classname="tests.test_uq_measurement" name="test_effective_sample_size_diagonal_returns_n" time="0.001" /><testcase classname="tests.test_uq_measurement" name="test_correlation_and_common_mode_reduce_neff" time="0.001" /><testcase classname="tests.test_uq_measurement" name="test_global_reference_inversion_recovers_truth" time="0.001" /><testcase classname="tests.test_uq_measurement" name="test_single_reference_covariance_is_dense" time="0.000" /><testcase classname="tests.test_uq_processing" name="test_flatten_end_is_frequency_dependent" time="0.000" /><testcase classname="tests.test_uq_processing" name="test_sample_choices_are_valid_windows" time="0.011" /><testcase classname="tests.test_uq_processing" name="test_per_band_total_variance_decomposition" time="0.075" /><testcase classname="tests.test_uq_processing" name="test_processing_prior_validation" time="0.000" /><testcase classname="tests.test_sign_convention" name="test_every_estimator_reports_physical_dvv[0.003-stretching (TS)]" time="0.017" /><testcase classname="tests.test_sign_convention" name="test_every_estimator_reports_physical_dvv[0.003-WCC]" time="0.002" /><testcase classname="tests.test_sign_convention" name="test_every_estimator_reports_physical_dvv[0.003-DTW]" time="0.054" /><testcase classname="tests.test_sign_convention" name="test_every_estimator_reports_physical_dvv[0.003-MWCS]" time="0.002" /><testcase classname="tests.test_sign_convention" name="test_every_estimator_reports_physical_dvv[0.003-WCS]" time="0.009" /><testcase classname="tests.test_sign_convention" name="test_every_estimator_reports_physical_dvv[0.003-WTS]" time="0.026" /><testcase classname="tests.test_sign_convention" name="test_every_estimator_reports_physical_dvv[0.003-WTDTW]" time="0.022" /><testcase classname="tests.test_sign_convention" name="test_every_estimator_reports_physical_dvv[-0.004-stretching (TS)]" time="0.016" /><testcase classname="tests.test_sign_convention" name="test_every_estimator_reports_physical_dvv[-0.004-WCC]" time="0.002" /><testcase classname="tests.test_sign_convention" name="test_every_estimator_reports_physical_dvv[-0.004-DTW]" time="0.019" /><testcase classname="tests.test_sign_convention" name="test_every_estimator_reports_physical_dvv[-0.004-MWCS]" time="0.002" /><testcase classname="tests.test_sign_convention" name="test_every_estimator_reports_physical_dvv[-0.004-WCS]" time="0.008" /><testcase classname="tests.test_sign_convention" name="test_every_estimator_reports_physical_dvv[-0.004-WTS]" time="0.025" /><testcase classname="tests.test_sign_convention" name="test_every_estimator_reports_physical_dvv[-0.004-WTDTW]" time="0.028" /><testcase classname="tests.test_sign_convention" name="test_run_pipeline_reports_physical_dvv" time="0.767" /><testcase classname="tests.test_stretching_interpolation" name="test_stretching_recovers_physical_dvv[0.0]" time="0.016" /><testcase classname="tests.test_stretching_interpolation" name="test_stretching_recovers_physical_dvv[0.001]" time="0.017" /><testcase classname="tests.test_stretching_interpolation" name="test_stretching_recovers_physical_dvv[-0.001]" time="0.018" /><testcase classname="tests.test_stretching_interpolation" name="test_stretching_recovers_physical_dvv[0.01]" time="0.018" /><testcase classname="tests.test_stretching_interpolation" name="test_stretching_recovers_physical_dvv[-0.01]" time="0.017" /><testcase classname="tests.test_stretching_interpolation" name="test_stretching_recovers_physical_dvv[0.04]" time="0.021" /><testcase classname="tests.test_stretching_interpolation" name="test_stretching_recovers_physical_dvv[-0.04]" time="0.026" /><testcase classname="tests.test_stretching_interpolation" name="test_stretching_recovers_physical_dvv[0.05]" time="0.021" /><testcase classname="tests.test_stretching_interpolation" name="test_stretching_recovers_physical_dvv[-0.05]" time="0.016" /><testcase classname="tests.test_stretching_interpolation" name="test_independent_analytic_oracle_recovers_dvv[-0.04]" time="0.015" /><testcase classname="tests.test_stretching_interpolation" name="test_independent_analytic_oracle_recovers_dvv[-0.01]" time="0.016" /><testcase classname="tests.test_stretching_interpolation" name="test_independent_analytic_oracle_recovers_dvv[0.001]" time="0.016" /><testcase classname="tests.test_stretching_interpolation" name="test_independent_analytic_oracle_recovers_dvv[0.0]" time="0.016" /><testcase classname="tests.test_stretching_interpolation" name="test_independent_analytic_oracle_recovers_dvv[0.01]" time="0.016" /><testcase classname="tests.test_stretching_interpolation" name="test_independent_analytic_oracle_recovers_dvv[0.04]" time="0.016" /><testcase classname="tests.test_stretching_interpolation" name="test_current_and_reference_interpolation_agree[-0.03]" time="0.024" /><testcase classname="tests.test_stretching_interpolation" name="test_current_and_reference_interpolation_agree[-0.005]" time="0.025" /><testcase classname="tests.test_stretching_interpolation" name="test_current_and_reference_interpolation_agree[0.005]" time="0.024" /><testcase classname="tests.test_stretching_interpolation" name="test_current_and_reference_interpolation_agree[0.03]" time="0.025" /><testcase classname="tests.test_stretching_interpolation" name="test_bias_vs_epsilon_magnitude[0.001]" time="0.017" /><testcase classname="tests.test_stretching_interpolation" name="test_bias_vs_epsilon_magnitude[0.01]" time="0.017" /><testcase classname="tests.test_stretching_interpolation" name="test_bias_vs_epsilon_magnitude[0.02]" time="0.017" /><testcase classname="tests.test_stretching_interpolation" name="test_bias_vs_epsilon_magnitude[0.03]" time="0.017" /><testcase classname="tests.test_stretching_interpolation" name="test_bias_vs_epsilon_magnitude[0.04]" time="0.017" /><testcase classname="tests.test_stretching_interpolation" name="test_bias_vs_epsilon_magnitude[0.05]" time="0.016" /><testcase classname="tests.test_stretching_interpolation" name="test_bias_vs_sampling_interval[20.0]" time="0.008" /><testcase classname="tests.test_stretching_interpolation" name="test_bias_vs_sampling_interval[50.0]" time="0.016" /><testcase classname="tests.test_stretching_interpolation" name="test_bias_vs_sampling_interval[100.0]" time="0.032" /><testcase classname="tests.test_stretching_interpolation" name="test_bias_vs_sampling_interval[200.0]" time="0.058" /><testcase classname="tests.test_stretching_interpolation" name="test_bias_vs_window_position_and_length[window0]" time="0.009" /><testcase classname="tests.test_stretching_interpolation" name="test_bias_vs_window_position_and_length[window1]" time="0.017" /><testcase classname="tests.test_stretching_interpolation" name="test_bias_vs_window_position_and_length[window2]" time="0.021" /><testcase classname="tests.test_stretching_interpolation" name="test_bias_vs_window_position_and_length[window3]" time="0.015" /><testcase classname="tests.test_stretching_interpolation" name="test_bias_vs_bandwidth[band0]" time="0.017" /><testcase classname="tests.test_stretching_interpolation" name="test_bias_vs_bandwidth[band1]" time="0.017" /><testcase classname="tests.test_stretching_interpolation" name="test_bias_vs_bandwidth[band2]" time="0.009" /><testcase classname="tests.test_stretching_interpolation" name="test_bias_vs_bandwidth[band3]" time="0.009" /><testcase classname="tests.test_stretching_interpolation" name="test_bias_vs_additive_noise[1.0]" time="0.017" /><testcase classname="tests.test_stretching_interpolation" name="test_bias_vs_additive_noise[3.0]" time="0.017" /><testcase classname="tests.test_stretching_interpolation" name="test_bias_vs_additive_noise[8.0]" time="0.017" /><testcase classname="tests.test_stretching_interpolation" name="test_bias_vs_additive_noise[20.0]" time="0.017" /><testcase classname="tests.test_stretching_interpolation" name="test_eps_dvv_round_trip[-0.5]" time="0.000" /><testcase classname="tests.test_stretching_interpolation" name="test_eps_dvv_round_trip[-0.1]" time="0.000" /><testcase classname="tests.test_stretching_interpolation" name="test_eps_dvv_round_trip[-0.01]" time="0.000" /><testcase classname="tests.test_stretching_interpolation" name="test_eps_dvv_round_trip[0.0]" time="0.000" /><testcase classname="tests.test_stretching_interpolation" name="test_eps_dvv_round_trip[0.01]" time="0.000" /><testcase classname="tests.test_stretching_interpolation" name="test_eps_dvv_round_trip[0.1]" time="0.000" /><testcase classname="tests.test_stretching_interpolation" name="test_eps_dvv_round_trip[0.5]" time="0.000" /><testcase classname="tests.test_stretching_interpolation" name="test_eps_to_dvv_domain_guard" time="0.000" /><testcase classname="tests.test_stretching_interpolation" name="test_dvv_to_epsilon_domain_guard" time="0.000" /><testcase classname="tests.test_stretching_interpolation" name="test_eps_to_dvv_matches_first_order_only_for_small_eps" time="0.000" /><testcase classname="tests.test_stretching_interpolation" name="test_stretch_window_shrinks_and_warns_when_unsafe" time="0.000" /><testcase classname="tests.test_stretching_interpolation" name="test_stretch_window_no_warning_when_safe" time="0.000" /><testcase classname="tests.test_stretching_interpolation" name="test_stretch_window_raises_if_no_window_fits" time="0.000" /><testcase classname="tests.test_stretching_interpolation" name="test_trailing_matches_day_by_day_loop" time="0.805" /><testcase classname="tests.test_linear_inversion.TestBuildPredictorMatrix" name="test_no_columns_raises" time="0.000" /><testcase classname="tests.test_linear_inversion.TestBuildPredictorMatrix" name="test_intercept_only_works" time="0.000" /><testcase classname="tests.test_linear_inversion.TestBuildPredictorMatrix" name="test_three_columns_with_all_forcings" time="0.006" /><testcase classname="tests.test_linear_inversion.TestBuildPredictorMatrix" name="test_drop_intercept" time="0.001" /><testcase classname="tests.test_linear_inversion.TestBuildPredictorMatrix" name="test_surface_load_column" time="0.000" /><testcase classname="tests.test_linear_inversion.TestBuildPredictorMatrix" name="test_surface_load_snowpack_smooths" time="0.000" /><testcase classname="tests.test_linear_inversion.TestBuildPredictorMatrix" name="test_surface_load_recovery" time="0.001" /><testcase classname="tests.test_linear_inversion.TestLinearFit" name="test_recovers_truth_no_noise" time="0.006" /><testcase classname="tests.test_linear_inversion.TestLinearFit" name="test_recovers_truth_with_noise" time="0.083" /><testcase classname="tests.test_linear_inversion.TestLinearFit" name="test_summary_dataframe" time="0.002" /><testcase classname="tests.test_linear_inversion.TestLinearFit" name="test_fits_best_temperature_shift" time="0.003" /><testcase classname="tests.test_linear_inversion.TestPosterior" name="test_marginal_lookup" time="0.000" /><testcase classname="tests.test_linear_inversion.TestPosterior" name="test_unknown_parameter" time="0.000" /><testcase classname="tests.test_staged_workflow" name="test_staged_workflow_rejects_loading_when_unneeded" time="0.180" /><testcase classname="tests.test_staged_workflow" name="test_staged_workflow_accepts_loading_when_truth_has_it" time="0.208" /><testcase classname="tests.test_staged_workflow" name="test_staged_workflow_honours_user_disable" time="0.189" /><testcase classname="tests.test_staged_workflow" name="test_classify_residual_patterns_basic" time="0.001" /><testcase classname="tests.test_forcing_models" name="test_canonical_model_resolves_aliases" time="0.000" /><testcase classname="tests.test_forcing_models" name="test_canonical_model_passes_through_canonical_names" time="0.000" /><testcase classname="tests.test_forcing_models" name="test_canonical_model_unknown_raises_with_choices" time="0.000" /><testcase classname="tests.test_forcing_models" name="test_unknown_channel_raises" time="0.000" /><testcase classname="tests.test_forcing_models" name="test_is_valid_and_valid_models" time="0.000" /><testcase classname="tests.test_forcing_models" name="test_forcings_reject_unknown_model" time="0.000" /><testcase classname="tests.test_forcing_models" name="test_forcings_accept_alias_models" time="0.000" /><testcase classname="tests.test_forcing_models" name="test_validate_clean_site_returns_no_issues" time="0.001" /><testcase classname="tests.test_forcing_models" name="test_validate_raises_when_no_forcing_enabled" time="0.000" /><testcase classname="tests.test_forcing_models" name="test_validate_flags_invalid_model_set_after_construction" time="0.000" /><testcase classname="tests.test_forcing_models" name="test_validate_flags_bad_date_range_and_mcmc" time="0.000" /><testcase classname="tests.test_forward_models.TestThermalSkinDepth" name="test_annual_signal_in_basement" time="0.000" /><testcase classname="tests.test_forward_models.TestThermalSkinDepth" name="test_daily_skin_depth_smaller_than_annual" time="0.000" /><testcase classname="tests.test_forward_models.TestThermalSkinDepth" name="test_negative_inputs_raise" time="0.000" /><testcase classname="tests.test_forward_models.TestBergerResponse" name="test_dc_unchanged" time="0.001" /><testcase classname="tests.test_forward_models.TestBergerResponse" name="test_amplitude_attenuates_with_depth" time="0.000" /><testcase classname="tests.test_forward_models.TestBergerResponse" name="test_phase_lag_increases_with_depth" time="0.000" /><testcase classname="tests.test_forward_models.TestBergerResponse" name="test_uniform_sampling_required" time="0.000" /><testcase classname="tests.test_forward_models.TestFourierDecomposition" name="test_recovers_pure_cosine" time="0.001" /><testcase classname="tests.test_forward_models.TestThermoelasticDvv" name="test_phase_shift_mode_zero_shift" time="0.001" /><testcase classname="tests.test_forward_models.TestThermoelasticDvv" name="test_phase_shift_negative_raises" time="0.000" /><testcase classname="tests.test_forward_models.TestThermoelasticDvv" name="test_phase_shift_positive_lags_temperature" time="0.000" /><testcase classname="tests.test_forward_models.TestThermoelasticDvv" name="test_skin_depth_mode_returns_array" time="0.000" /><testcase classname="tests.test_forward_models.TestRoeloffs" name="test_undrained_at_t0_plus" time="0.000" /><testcase classname="tests.test_forward_models.TestRoeloffs" name="test_drained_at_late_time" time="0.000" /><testcase classname="tests.test_forward_models.TestRoeloffs" name="test_drained_only_term_is_erfc" time="0.000" /><testcase classname="tests.test_forward_models.TestRoeloffs" name="test_invalid_inputs" time="0.000" /><testcase classname="tests.test_forward_models.TestTalwani" name="test_zero_input_zero_output" time="0.004" /><testcase classname="tests.test_forward_models.TestTalwani" name="test_response_has_same_length" time="0.001" /><testcase classname="tests.test_forward_models.TestOkuboGwl" name="test_zero_input" time="0.001" /><testcase classname="tests.test_forward_models.TestOkuboGwl" name="test_delta_input_decays" time="0.003" /><testcase classname="tests.test_forward_models.TestSniederHealing" name="test_pre_event_zero" time="0.000" /><testcase classname="tests.test_forward_models.TestSniederHealing" name="test_post_event_decays_to_zero" time="0.000" /><testcase classname="tests.test_forward_models.TestSniederHealing" name="test_logarithmic_healing_zero_amplitude_zero_output" time="0.000" /><testcase classname="tests.test_forward_models.TestSniederHealing" name="test_logarithmic_healing_pre_event_zero" time="0.000" /><testcase classname="tests.test_forward_models.TestSniederHealing" name="test_logarithmic_healing_scales_with_coseismic_amplitude" time="0.000" /></testsuite></testsuites>
