<?xml version="1.0" encoding="utf-8"?><testsuites name="pytest tests"><testsuite name="pytest" errors="0" failures="0" skipped="1" tests="343" time="754.425" timestamp="2026-09-10T16:23:07.266262-07:00" hostname="MacBook-Pro-205.local"><testcase classname="tests.test_advisor_validation" name="test_advisory_case_recovers_every_application[volcano]" time="0.632" /><testcase classname="tests.test_advisor_validation" name="test_advisory_case_recovers_every_application[earthquake_fault]" time="0.410" /><testcase classname="tests.test_advisor_validation" name="test_advisory_case_recovers_every_application[landslide]" time="0.111" /><testcase classname="tests.test_advisor_validation" name="test_advisory_case_recovers_every_application[groundwater]" time="0.139" /><testcase classname="tests.test_advisor_validation" name="test_advisory_case_recovers_every_application[cryosphere]" time="0.035" /><testcase classname="tests.test_advisor_validation" name="test_advisory_case_recovers_every_application[geothermal]" time="0.356" /><testcase classname="tests.test_advisor_validation" name="test_advisory_case_alias_and_replay" time="0.006" /><testcase classname="tests.test_audit_small_fixes" name="test_bounded_fit_reports_uncertainty_and_flags_bound" time="0.001" /><testcase classname="tests.test_audit_small_fixes" name="test_disconnected_reference_epoch_is_unidentified" time="0.001" /><testcase classname="tests.test_audit_small_fixes" name="test_golden_cache_is_exact_and_versioned" time="5.607" /><testcase classname="tests.test_audit_small_fixes" name="test_golden_cache_identity_includes_application_geometry" time="0.001" /><testcase classname="tests.test_audit_small_fixes" name="test_aggregate_rejects_missing_shards_and_duplicates" time="0.002" /><testcase classname="tests.test_audit_small_fixes" name="test_gibbs_banded_matches_dense" time="0.048" /><testcase classname="tests.test_bench" name="test_build_grid_shapes_and_counts" time="0.000" /><testcase classname="tests.test_bench" name="test_hard_grid_spans_both_depth_bands" time="0.000" /><testcase classname="tests.test_bench" name="test_band_variants_stay_physical" time="0.000" /><testcase classname="tests.test_bench" name="test_shard_partition_is_disjoint_and_covers_all" time="0.000" /><testcase classname="tests.test_bench" name="test_parse_shard_explicit_env_and_default" time="0.000" /><testcase classname="tests.test_bench" name="test_score_cell_recovers_and_handles_errors" time="5.084" /><testcase classname="tests.test_bench" name="test_score_cell_aggregates_multichannel_and_grades_depth" time="8.442" /><testcase classname="tests.test_bench" name="test_run_sweep_and_roundtrip" time="8.655" /><testcase classname="tests.test_bench" name="test_best_config_is_the_recommended_one" time="8.597" /><testcase classname="tests.test_calibration" name="test_missing_members_do_not_count_as_coverage_misses" time="0.000" /><testcase classname="tests.test_calibration" name="test_summarize_reports_mean_se_and_margin" time="0.001" /><testcase classname="tests.test_calibration" name="test_run_realization_smoke_and_failure_path" time="25.653" /><testcase classname="tests.test_calibration" name="test_cli_writes_json" time="50.921" /><testcase classname="tests.test_cli" name="test_run_cli_loads_series_forcings" time="0.743" /><testcase classname="tests.test_cli" name="test_data_check_reports_missing_goal_inputs" time="0.009" /><testcase classname="tests.test_cli" name="test_data_check_can_fail_on_missing" time="0.007" /><testcase classname="tests.test_cli" name="test_assess_data_readiness_with_site_and_forcings" time="0.041" /><testcase classname="tests.test_coupling.TestDrainagePeclet" name="test_undrained_at_short_period" time="0.000" /><testcase classname="tests.test_coupling.TestDrainagePeclet" name="test_drained_at_long_period" time="0.000" /><testcase classname="tests.test_coupling.TestDrainagePeclet" name="test_invalid_inputs" time="0.000" /><testcase classname="tests.test_coupling.TestFrequencyDependentBeta" name="test_drained_low_frequency" time="0.000" /><testcase classname="tests.test_coupling.TestFrequencyDependentBeta" name="test_undrained_high_frequency" time="0.000" /><testcase classname="tests.test_coupling.TestFrequencyDependentBeta" name="test_recovery_of_alpha_B_from_ratio" time="0.000" /><testcase classname="tests.test_coupling.TestFrequencyDependentBeta" name="test_alpha_invalid" time="0.000" /><testcase classname="tests.test_coupling.TestEscalationDecision" name="test_safe_for_pe_far_from_one" time="0.000" /><testcase classname="tests.test_coupling.TestEscalationDecision" name="test_warn_for_intermediate" time="0.000" /><testcase classname="tests.test_coupling.TestEscalationDecision" name="test_escalate_for_critical" time="0.000" /><testcase classname="tests.test_coupling.TestCouplingLikelihood" name="test_high_near_transition" time="0.000" /><testcase classname="tests.test_coupling.TestCouplingLikelihood" name="test_very_low_far_from_transition" time="0.000" /><testcase classname="tests.test_coupling.TestDiagnoseAllTiers" name="test_full_report_structure" time="0.000" /><testcase classname="tests.test_coupling.TestTidalBeta" name="test_recovers_input_amplitude" time="0.001" /><testcase classname="tests.test_coupling.TestTidalBeta" name="test_requires_datetime_index" time="0.000" /><testcase classname="tests.test_coupling_tiers" name="test_tier2_no_earthquake_yields_year_splits_ok" time="0.036" /><testcase classname="tests.test_coupling_tiers" name="test_tier2_step_change_triggers_escalation" time="0.019" /><testcase classname="tests.test_coupling_tiers" name="test_tier3_constant_sensitivity_is_ok" time="0.002" /><testcase classname="tests.test_coupling_tiers" name="test_tier3_missing_precip_deferred" time="0.000" /><testcase classname="tests.test_coupling_tiers" name="test_tier4_correlated_T_and_precip_escalates" time="0.000" /><testcase classname="tests.test_coupling_tiers" name="test_tier4_uncorrelated_is_ok" time="0.000" /><testcase classname="tests.test_coupling_tiers" name="test_tier4_missing_inputs_deferred" time="0.000" /><testcase classname="tests.test_data_loaders.TestLoadDvv" name="test_csv_with_explicit_columns" time="0.007" /><testcase classname="tests.test_data_loaders.TestLoadDvv" name="test_parquet" time="0.004" /><testcase classname="tests.test_data_loaders.TestLoadDvv" name="test_percent_units_converted" time="0.005" /><testcase classname="tests.test_data_loaders.TestLoadDvv" name="test_warns_on_missing_err" time="0.004" /><testcase classname="tests.test_data_loaders.TestLoadCsvTimeseries" name="test_load_precipitation" time="0.004" /><testcase classname="tests.test_data_loaders.TestLoadCsvTimeseries" name="test_ambiguous_value_column_raises" time="0.004" /><testcase classname="tests.test_data_loaders.TestLoadEarthquakeCatalog" name="test_radius_filter" time="0.007" /><testcase classname="tests.test_data_loaders.TestLoadEarthquakeCatalog" name="test_distance_column_added" time="0.005" /><testcase classname="tests.test_data_loaders.TestLoadClementsDenolle2023" name="test_loads_feather" time="0.006" /><testcase classname="tests.test_data_loaders.TestLoadClementsDenolle2023" name="test_metadata" time="0.004" /><testcase classname="tests.test_data_loaders.TestLoadClementsDenolle2023" name="test_missing_station_raises" time="0.002" /><testcase classname="tests.test_data_loaders.TestLoadClementsDenolle2023" name="test_post_conversion_parquet_layout" time="0.004" /><testcase classname="tests.test_data_readiness" name="test_temperature_shorthand_uses_lowercase_lookup_key" time="0.000" /><testcase classname="tests.test_data_readiness" name="test_empty_earthquake_iterator_is_not_marked_available" time="0.002" /><testcase classname="tests.test_data_readiness" name="test_nonempty_earthquake_iterator_is_marked_available" time="0.001" /><testcase classname="tests.test_deviations" name="test_baseline_recovers_truth" time="1.573" /><testcase classname="tests.test_deviations" name="test_moving_reference_is_worse_than_fixed" time="2.481" /><testcase classname="tests.test_deviations" name="test_oat_returns_baseline_and_deviations" time="38.779" /><testcase classname="tests.test_deviations" name="test_multiverse_sobol_sums_sensible" time="53.174" /><testcase classname="tests.test_deviations.TestReturnCC" name="test_default_still_two_tuple" time="1.150" /><testcase classname="tests.test_deviations.TestReturnCC" name="test_fixed_stretching_returns_cc" time="2.335" /><testcase classname="tests.test_deviations.TestReturnCC" name="test_moving_stretching_returns_cc_after_warmup" time="2.265" /><testcase classname="tests.test_deviations.TestReturnCC" name="test_non_stretching_cc_is_nan" time="0.190" /><testcase classname="tests.test_deviations.TestFastPathRegressions" name="test_trailing_stack_matches_per_day_loop" time="0.297" /><testcase classname="tests.test_deviations.TestFastPathRegressions" name="test_moving_reference_matches_generic_loop" time="6.059" /><testcase classname="tests.test_deviations.TestFastPathRegressions" name="test_prefiltered_matches_internal_bandpass[fixed]" time="2.248" /><testcase classname="tests.test_deviations.TestFastPathRegressions" name="test_prefiltered_matches_internal_bandpass[moving]" time="2.345" /><testcase classname="tests.test_deviations.TestFastPathRegressions" name="test_prefiltered_matches_internal_bandpass[inversion]" time="7.244" /><testcase classname="tests.test_deviations.TestFastPathRegressions" name="test_prefiltered_matches_internal_bandpass[mwcs]" time="0.316" /><testcase classname="tests.test_deviations.TestFastPathRegressions" name="test_prefiltered_rejects_estimators_without_linear_bandpass" time="0.000" /><testcase classname="tests.test_figures" name="test_sidecar_round_trips_every_plotted_array" time="0.278" /><testcase classname="tests.test_figures" name="test_every_manuscript_figure_has_a_generator_or_a_declared_source" time="0.001" /><testcase classname="tests.test_figures" name="test_cli_lists_and_rejects_unknown" time="0.001" /><testcase classname="tests.test_forcing_models" name="test_canonical_model_resolves_aliases" time="0.000" /><testcase classname="tests.test_forcing_models" name="test_canonical_model_passes_through_canonical_names" time="0.000" /><testcase classname="tests.test_forcing_models" name="test_canonical_model_unknown_raises_with_choices" time="0.000" /><testcase classname="tests.test_forcing_models" name="test_unknown_channel_raises" time="0.000" /><testcase classname="tests.test_forcing_models" name="test_is_valid_and_valid_models" time="0.000" /><testcase classname="tests.test_forcing_models" name="test_forcings_reject_unknown_model" time="0.000" /><testcase classname="tests.test_forcing_models" name="test_forcings_accept_alias_models" time="0.000" /><testcase classname="tests.test_forcing_models" name="test_validate_clean_site_returns_no_issues" time="0.000" /><testcase classname="tests.test_forcing_models" name="test_validate_raises_when_no_forcing_enabled" time="0.000" /><testcase classname="tests.test_forcing_models" name="test_validate_flags_invalid_model_set_after_construction" time="0.000" /><testcase classname="tests.test_forcing_models" name="test_validate_flags_bad_date_range_and_mcmc" time="0.000" /><testcase classname="tests.test_forward_models.TestThermalSkinDepth" name="test_annual_signal_in_basement" time="0.000" /><testcase classname="tests.test_forward_models.TestThermalSkinDepth" name="test_daily_skin_depth_smaller_than_annual" time="0.000" /><testcase classname="tests.test_forward_models.TestThermalSkinDepth" name="test_negative_inputs_raise" time="0.000" /><testcase classname="tests.test_forward_models.TestBergerResponse" name="test_dc_unchanged" time="0.002" /><testcase classname="tests.test_forward_models.TestBergerResponse" name="test_amplitude_attenuates_with_depth" time="0.000" /><testcase classname="tests.test_forward_models.TestBergerResponse" name="test_phase_lag_increases_with_depth" time="0.000" /><testcase classname="tests.test_forward_models.TestBergerResponse" name="test_uniform_sampling_required" time="0.000" /><testcase classname="tests.test_forward_models.TestFourierDecomposition" name="test_recovers_pure_cosine" time="0.001" /><testcase classname="tests.test_forward_models.TestThermoelasticDvv" name="test_phase_shift_mode_zero_shift" time="0.001" /><testcase classname="tests.test_forward_models.TestThermoelasticDvv" name="test_phase_shift_negative_raises" time="0.000" /><testcase classname="tests.test_forward_models.TestThermoelasticDvv" name="test_phase_shift_positive_lags_temperature" time="0.000" /><testcase classname="tests.test_forward_models.TestThermoelasticDvv" name="test_skin_depth_mode_returns_array" time="0.000" /><testcase classname="tests.test_forward_models.TestRoeloffs" name="test_undrained_at_t0_plus" time="0.000" /><testcase classname="tests.test_forward_models.TestRoeloffs" name="test_drained_at_late_time" time="0.000" /><testcase classname="tests.test_forward_models.TestRoeloffs" name="test_drained_only_term_is_erfc" time="0.000" /><testcase classname="tests.test_forward_models.TestRoeloffs" name="test_invalid_inputs" time="0.000" /><testcase classname="tests.test_forward_models.TestTalwani" name="test_zero_input_zero_output" time="0.004" /><testcase classname="tests.test_forward_models.TestTalwani" name="test_response_has_same_length" time="0.001" /><testcase classname="tests.test_forward_models.TestOkuboGwl" name="test_zero_input" time="0.001" /><testcase classname="tests.test_forward_models.TestOkuboGwl" name="test_delta_input_decays" time="0.003" /><testcase classname="tests.test_forward_models.TestSniederHealing" name="test_pre_event_zero" time="0.000" /><testcase classname="tests.test_forward_models.TestSniederHealing" name="test_post_event_decays_to_zero" time="0.000" /><testcase classname="tests.test_forward_models.TestSniederHealing" name="test_logarithmic_healing_zero_amplitude_zero_output" time="0.000" /><testcase classname="tests.test_forward_models.TestSniederHealing" name="test_logarithmic_healing_pre_event_zero" time="0.000" /><testcase classname="tests.test_forward_models.TestSniederHealing" name="test_logarithmic_healing_scales_with_coseismic_amplitude" time="0.000" /><testcase classname="tests.test_frugalmind_export" name="test_rows_match_benchmarkrow_schema[param_recommendation]" time="15.096" /><testcase classname="tests.test_frugalmind_export" name="test_rows_match_benchmarkrow_schema[dvv_series]" time="8.723" /><testcase classname="tests.test_frugalmind_export" name="test_split_filter" time="8.136" /><testcase classname="tests.test_frugalmind_export" name="test_param_scorer_rewards_recovery_and_punishes_wrong_choice" time="8.664" /><testcase classname="tests.test_frugalmind_export" name="test_param_scorer_accepts_partial_config_filling_noncore_axes" time="5.816" /><testcase classname="tests.test_frugalmind_export" name="test_series_scorer_truth_vs_null" time="3.730" /><testcase classname="tests.test_frugalmind_export" name="test_series_scorer_scores_missing_predictions_as_null" time="3.352" /><testcase classname="tests.test_frugalmind_export" name="test_series_scorer_selective_omission_cannot_help" time="3.714" /><testcase classname="tests.test_frugalmind_export" name="test_rms_on_support_matches_oracle_for_reference_pipeline" time="5.578" /><testcase classname="tests.test_frugalmind_export" name="test_scorer_spec_carries_the_scoring_rule" time="8.659" /><testcase classname="tests.test_frugalmind_export" name="test_unknown_scorer_name_raises" time="0.000" /><testcase classname="tests.test_frugalmind_export" name="test_parse_config_from_messy_text" time="0.000" /><testcase classname="tests.test_frugalmind_export" name="test_export_jsonl_roundtrip" time="16.899" /><testcase classname="tests.test_golden" name="test_manifest_is_current" time="0.000" /><testcase classname="tests.test_golden" name="test_public_default_is_the_sample_one_case_per_grade" time="0.000" /><testcase classname="tests.test_golden" name="test_full_corpus_is_thirty_ten_per_grade" time="0.000" /><testcase classname="tests.test_golden" name="test_default_data_dir_honours_env_override" time="0.001" /><testcase classname="tests.test_golden" name="test_default_data_dir_prefers_source_checkout" time="0.000" /><testcase classname="tests.test_golden" name="test_load_manifest_regenerates_when_missing" time="10.791" /><testcase classname="tests.test_golden" name="test_load_manifest_regenerates_stale_cache" time="0.001" /><testcase classname="tests.test_golden" name="test_load_manifest_does_not_overwrite_stale_source" time="0.001" /><testcase classname="tests.test_golden" name="test_load_manifest_reraises_on_corrupt_source" time="0.001" /><testcase classname="tests.test_golden" name="test_load_manifest_regenerates_corrupt_cache" time="0.001" /><testcase classname="tests.test_golden" name="test_case_recovers_within_tolerance[easy-volcano-01]" time="2.854" /><testcase classname="tests.test_golden" name="test_case_recovers_within_tolerance[medium-earthquake_fault-02]" time="2.213" /><testcase classname="tests.test_golden" name="test_case_recovers_within_tolerance[hard-groundwater-04]" time="3.025" /><testcase classname="tests.test_golden" name="test_easy_cases_recover_cleanly" time="0.000" /><testcase classname="tests.test_golden" name="test_hard_cases_are_multichannel" time="0.000" /><testcase classname="tests.test_golden" name="test_recover_handles_single_and_multichannel" time="6.019" /><testcase classname="tests.test_golden" name="test_hard_grade_band_selects_depth" time="5.647" /><testcase classname="tests.test_golden" name="test_hard_manifest_records_depth_target" time="0.000" /><testcase classname="tests.test_golden" name="test_generate_is_deterministic" time="1.850" /><testcase classname="tests.test_golden" name="test_observed_never_leaks_the_truth" time="0.365" /><testcase classname="tests.test_golden" name="test_public_truth_is_reconstructible_but_a_secret_amp_is_not" time="0.178" /><testcase classname="tests.test_golden" name="test_hidden_cases_json_overrides_the_public_sample" time="0.001" /><testcase classname="tests.test_kernels.TestVelocityProfile" name="test_construction" time="0.000" /><testcase classname="tests.test_kernels.TestVelocityProfile" name="test_midpoint_increasing" time="0.000" /><testcase classname="tests.test_kernels.TestVelocityProfile" name="test_moduli_are_positive" time="0.000" /><testcase classname="tests.test_kernels.TestMakeFineModel" name="test_total_thickness_preserved_excluding_halfspace" time="0.000" /><testcase classname="tests.test_kernels.TestMakeFineModel" name="test_finite_layers_no_thicker_than_target" time="0.000" /><testcase classname="tests.test_kernels.TestMakeFineModel" name="test_target_dz_must_be_positive" time="0.000" /><testcase classname="tests.test_kernels.TestDepthFrequencyTable" name="test_rule_of_thumb_smaller_at_higher_freq" time="0.000" /><testcase classname="tests.test_kernels.TestDepthFrequencyTable" name="test_table_columns" time="0.001" /><testcase classname="tests.test_kernels.TestDisbaWrapper" name="test_dispersion_curve_monotonic" time="0.192" /><testcase classname="tests.test_kernels" name="test_disba_unavailable_raises_on_call" time="0.000"><skipped type="pytest.skip" message="disba is installed; cannot test missing-import path">/Users/marinedenolle/GitHub/codameter/tests/test_kernels.py:136: disba is installed; cannot test missing-import path</skipped></testcase><testcase classname="tests.test_linear_inversion.TestBuildPredictorMatrix" name="test_no_columns_raises" time="0.000" /><testcase classname="tests.test_linear_inversion.TestBuildPredictorMatrix" name="test_intercept_only_works" time="0.000" /><testcase classname="tests.test_linear_inversion.TestBuildPredictorMatrix" name="test_three_columns_with_all_forcings" time="0.006" /><testcase classname="tests.test_linear_inversion.TestBuildPredictorMatrix" name="test_drop_intercept" time="0.001" /><testcase classname="tests.test_linear_inversion.TestBuildPredictorMatrix" name="test_surface_load_column" time="0.000" /><testcase classname="tests.test_linear_inversion.TestBuildPredictorMatrix" name="test_surface_load_snowpack_smooths" time="0.000" /><testcase classname="tests.test_linear_inversion.TestBuildPredictorMatrix" name="test_surface_load_recovery" time="0.000" /><testcase classname="tests.test_linear_inversion.TestLinearFit" name="test_recovers_truth_no_noise" time="0.006" /><testcase classname="tests.test_linear_inversion.TestLinearFit" name="test_recovers_truth_with_noise" time="0.081" /><testcase classname="tests.test_linear_inversion.TestLinearFit" name="test_summary_dataframe" time="0.002" /><testcase classname="tests.test_linear_inversion.TestLinearFit" name="test_fits_best_temperature_shift" time="0.003" /><testcase classname="tests.test_linear_inversion.TestPosterior" name="test_marginal_lookup" time="0.000" /><testcase classname="tests.test_linear_inversion.TestPosterior" name="test_unknown_parameter" time="0.000" /><testcase classname="tests.test_private_golden" name="test_cases_json_round_trips_a_hard_depth_case" time="0.002" /><testcase classname="tests.test_private_golden" name="test_recipes_are_json_serializable_without_a_default_hook" time="0.001" /><testcase classname="tests.test_private_golden" name="test_secret_amp_is_deterministic_and_secret_dependent" time="0.000" /><testcase classname="tests.test_private_golden" name="test_exclude_public_is_a_real_toggle[True-27]" time="0.001" /><testcase classname="tests.test_private_golden" name="test_exclude_public_is_a_real_toggle[False-30]" time="0.001" /><testcase classname="tests.test_private_golden" name="test_hidden_amp_overrides_the_public_table" time="0.001" /><testcase classname="tests.test_property_providers" name="test_default_provider_returns_valid_layers" time="0.000" /><testcase classname="tests.test_property_providers" name="test_usgs_vs30_provider_builds_shallow_layer" time="0.000" /><testcase classname="tests.test_property_providers" name="test_provider_chain_falls_back_to_usgs_when_ucvm_missing" time="0.000" /><testcase classname="tests.test_property_providers" name="test_provider_chain_falls_back_to_defaults_when_all_external_miss" time="0.000" /><testcase classname="tests.test_property_providers" name="test_ucvm_provider_parses_local_command" time="0.176" /><testcase classname="tests.test_property_providers" name="test_ucvm_provider_tries_multiple_models" time="0.186" /><testcase classname="tests.test_property_providers" name="test_ucvm_provider_can_use_docker_image" time="0.150" /><testcase classname="tests.test_property_providers" name="test_site_from_dict_auto_uses_provider_resolution" time="0.000" /><testcase classname="tests.test_property_providers" name="test_default_velocity_model_profiles_are_valid" time="0.000" /><testcase classname="tests.test_sign_convention" name="test_every_estimator_reports_physical_dvv[0.003-stretching (TS)]" time="0.020" /><testcase classname="tests.test_sign_convention" name="test_every_estimator_reports_physical_dvv[0.003-WCC]" time="0.004" /><testcase classname="tests.test_sign_convention" name="test_every_estimator_reports_physical_dvv[0.003-DTW]" time="0.025" /><testcase classname="tests.test_sign_convention" name="test_every_estimator_reports_physical_dvv[0.003-MWCS]" time="0.005" /><testcase classname="tests.test_sign_convention" name="test_every_estimator_reports_physical_dvv[0.003-WCS]" time="0.041" /><testcase classname="tests.test_sign_convention" name="test_every_estimator_reports_physical_dvv[0.003-WTS]" time="0.030" /><testcase classname="tests.test_sign_convention" name="test_every_estimator_reports_physical_dvv[0.003-WTDTW]" time="0.025" /><testcase classname="tests.test_sign_convention" name="test_every_estimator_reports_physical_dvv[-0.004-stretching (TS)]" time="0.016" /><testcase classname="tests.test_sign_convention" name="test_every_estimator_reports_physical_dvv[-0.004-WCC]" time="0.002" /><testcase classname="tests.test_sign_convention" name="test_every_estimator_reports_physical_dvv[-0.004-DTW]" time="0.018" /><testcase classname="tests.test_sign_convention" name="test_every_estimator_reports_physical_dvv[-0.004-MWCS]" time="0.002" /><testcase classname="tests.test_sign_convention" name="test_every_estimator_reports_physical_dvv[-0.004-WCS]" time="0.007" /><testcase classname="tests.test_sign_convention" name="test_every_estimator_reports_physical_dvv[-0.004-WTS]" time="0.023" /><testcase classname="tests.test_sign_convention" name="test_every_estimator_reports_physical_dvv[-0.004-WTDTW]" time="0.019" /><testcase classname="tests.test_sign_convention" name="test_run_pipeline_reports_physical_dvv" time="0.689" /><testcase classname="tests.test_staged_workflow" name="test_staged_workflow_rejects_loading_when_unneeded" time="0.182" /><testcase classname="tests.test_staged_workflow" name="test_staged_workflow_accepts_loading_when_truth_has_it" time="0.230" /><testcase classname="tests.test_staged_workflow" name="test_staged_workflow_honours_user_disable" time="0.193" /><testcase classname="tests.test_staged_workflow" name="test_classify_residual_patterns_basic" time="0.001" /><testcase classname="tests.test_stretching_interpolation" name="test_stretching_recovers_physical_dvv[0.0]" time="0.016" /><testcase classname="tests.test_stretching_interpolation" name="test_stretching_recovers_physical_dvv[0.001]" time="0.016" /><testcase classname="tests.test_stretching_interpolation" name="test_stretching_recovers_physical_dvv[-0.001]" time="0.016" /><testcase classname="tests.test_stretching_interpolation" name="test_stretching_recovers_physical_dvv[0.01]" time="0.016" /><testcase classname="tests.test_stretching_interpolation" name="test_stretching_recovers_physical_dvv[-0.01]" time="0.016" /><testcase classname="tests.test_stretching_interpolation" name="test_stretching_recovers_physical_dvv[0.04]" time="0.016" /><testcase classname="tests.test_stretching_interpolation" name="test_stretching_recovers_physical_dvv[-0.04]" time="0.016" /><testcase classname="tests.test_stretching_interpolation" name="test_stretching_recovers_physical_dvv[0.05]" time="0.015" /><testcase classname="tests.test_stretching_interpolation" name="test_stretching_recovers_physical_dvv[-0.05]" time="0.016" /><testcase classname="tests.test_stretching_interpolation" name="test_independent_analytic_oracle_recovers_dvv[-0.04]" time="0.015" /><testcase classname="tests.test_stretching_interpolation" name="test_independent_analytic_oracle_recovers_dvv[-0.01]" time="0.015" /><testcase classname="tests.test_stretching_interpolation" name="test_independent_analytic_oracle_recovers_dvv[0.001]" time="0.016" /><testcase classname="tests.test_stretching_interpolation" name="test_independent_analytic_oracle_recovers_dvv[0.0]" time="0.016" /><testcase classname="tests.test_stretching_interpolation" name="test_independent_analytic_oracle_recovers_dvv[0.01]" time="0.016" /><testcase classname="tests.test_stretching_interpolation" name="test_independent_analytic_oracle_recovers_dvv[0.04]" time="0.015" /><testcase classname="tests.test_stretching_interpolation" name="test_current_and_reference_interpolation_agree[-0.03]" time="0.031" /><testcase classname="tests.test_stretching_interpolation" name="test_current_and_reference_interpolation_agree[-0.005]" time="0.032" /><testcase classname="tests.test_stretching_interpolation" name="test_current_and_reference_interpolation_agree[0.005]" time="0.027" /><testcase classname="tests.test_stretching_interpolation" name="test_current_and_reference_interpolation_agree[0.03]" time="0.026" /><testcase classname="tests.test_stretching_interpolation" name="test_bias_vs_epsilon_magnitude[0.001]" time="0.016" /><testcase classname="tests.test_stretching_interpolation" name="test_bias_vs_epsilon_magnitude[0.01]" time="0.016" /><testcase classname="tests.test_stretching_interpolation" name="test_bias_vs_epsilon_magnitude[0.02]" time="0.017" /><testcase classname="tests.test_stretching_interpolation" name="test_bias_vs_epsilon_magnitude[0.03]" time="0.016" /><testcase classname="tests.test_stretching_interpolation" name="test_bias_vs_epsilon_magnitude[0.04]" time="0.016" /><testcase classname="tests.test_stretching_interpolation" name="test_bias_vs_epsilon_magnitude[0.05]" time="0.016" /><testcase classname="tests.test_stretching_interpolation" name="test_bias_vs_sampling_interval[20.0]" time="0.007" /><testcase classname="tests.test_stretching_interpolation" name="test_bias_vs_sampling_interval[50.0]" time="0.016" /><testcase classname="tests.test_stretching_interpolation" name="test_bias_vs_sampling_interval[100.0]" time="0.033" /><testcase classname="tests.test_stretching_interpolation" name="test_bias_vs_sampling_interval[200.0]" time="0.071" /><testcase classname="tests.test_stretching_interpolation" name="test_bias_vs_window_position_and_length[window0]" time="0.012" /><testcase classname="tests.test_stretching_interpolation" name="test_bias_vs_window_position_and_length[window1]" time="0.019" /><testcase classname="tests.test_stretching_interpolation" name="test_bias_vs_window_position_and_length[window2]" time="0.024" /><testcase classname="tests.test_stretching_interpolation" name="test_bias_vs_window_position_and_length[window3]" time="0.020" /><testcase classname="tests.test_stretching_interpolation" name="test_bias_vs_bandwidth[band0]" time="0.022" /><testcase classname="tests.test_stretching_interpolation" name="test_bias_vs_bandwidth[band1]" time="0.016" /><testcase classname="tests.test_stretching_interpolation" name="test_bias_vs_bandwidth[band2]" time="0.009" /><testcase classname="tests.test_stretching_interpolation" name="test_bias_vs_bandwidth[band3]" time="0.009" /><testcase classname="tests.test_stretching_interpolation" name="test_bias_vs_additive_noise[1.0]" time="0.017" /><testcase classname="tests.test_stretching_interpolation" name="test_bias_vs_additive_noise[3.0]" time="0.018" /><testcase classname="tests.test_stretching_interpolation" name="test_bias_vs_additive_noise[8.0]" time="0.017" /><testcase classname="tests.test_stretching_interpolation" name="test_bias_vs_additive_noise[20.0]" time="0.017" /><testcase classname="tests.test_stretching_interpolation" name="test_eps_dvv_round_trip[-0.5]" time="0.000" /><testcase classname="tests.test_stretching_interpolation" name="test_eps_dvv_round_trip[-0.1]" time="0.000" /><testcase classname="tests.test_stretching_interpolation" name="test_eps_dvv_round_trip[-0.01]" time="0.000" /><testcase classname="tests.test_stretching_interpolation" name="test_eps_dvv_round_trip[0.0]" time="0.000" /><testcase classname="tests.test_stretching_interpolation" name="test_eps_dvv_round_trip[0.01]" time="0.000" /><testcase classname="tests.test_stretching_interpolation" name="test_eps_dvv_round_trip[0.1]" time="0.000" /><testcase classname="tests.test_stretching_interpolation" name="test_eps_dvv_round_trip[0.5]" time="0.000" /><testcase classname="tests.test_stretching_interpolation" name="test_eps_to_dvv_domain_guard" time="0.000" /><testcase classname="tests.test_stretching_interpolation" name="test_dvv_to_epsilon_domain_guard" time="0.000" /><testcase classname="tests.test_stretching_interpolation" name="test_eps_to_dvv_matches_first_order_only_for_small_eps" time="0.000" /><testcase classname="tests.test_stretching_interpolation" name="test_stretch_window_shrinks_and_warns_when_unsafe" time="0.000" /><testcase classname="tests.test_stretching_interpolation" name="test_stretch_window_no_warning_when_safe" time="0.000" /><testcase classname="tests.test_stretching_interpolation" name="test_stretch_window_raises_if_no_window_fits" time="0.000" /><testcase classname="tests.test_stretching_interpolation" name="test_trailing_matches_day_by_day_loop" time="0.695" /><testcase classname="tests.test_synthetic_demo" name="test_stretching_recovers_imposed_dvv_noiseless" time="0.033" /><testcase classname="tests.test_synthetic_demo" name="test_stretching_and_mwcs_agree_for_small_dvv" time="0.017" /><testcase classname="tests.test_synthetic_demo" name="test_mwcs_cycle_skips_when_stretching_does_not" time="0.017" /><testcase classname="tests.test_synthetic_demo" name="test_noise_increases_scatter_but_not_bias" time="1.304" /><testcase classname="tests.test_synthetic_demo" name="test_moving_reference_removes_constant_offset" time="2.594" /><testcase classname="tests.test_synthetic_demo" name="test_truth_generators_have_expected_shape" time="0.000" /><testcase classname="tests.test_synthetic_demo" name="test_all_estimators_agree_on_small_clean_dvv" time="0.231" /><testcase classname="tests.test_synthetic_demo" name="test_wcc_recovers_sign_and_magnitude" time="0.003" /><testcase classname="tests.test_synthetic_demo" name="test_all_seven_methods_present_and_recover_small_dvv" time="0.116" /><testcase classname="tests.test_synthetic_demo" name="test_wavelet_cross_spectrum_recovers_small_dvv" time="0.030" /><testcase classname="tests.test_synthetic_demo" name="test_large_dvv_failure_modes" time="0.053" /><testcase classname="tests.test_synthetic_demo" name="test_aggregation_image_average_beats_unweighted" time="15.710" /><testcase classname="tests.test_synthetic_demo" name="test_network_schemes_share_mean_but_differ_in_error_bar" time="265.167" /><testcase classname="tests.test_synthetic_demo" name="test_freqdep_coda_decays_faster_at_high_frequency" time="0.017" /><testcase classname="tests.test_synthetic_demo" name="test_clock_drift_splits_branches_with_opposite_sign" time="3.173" /><testcase classname="tests.test_synthetic_demo" name="test_seasonal_late_noise_contaminates_only_late_window" time="5.530" /><testcase classname="tests.test_synthetic_demo" name="test_inversion_beats_single_reference_and_keeps_trend" time="7.595" /><testcase classname="tests.test_synthetic_demo" name="test_branch_selective_imposition_recovers_per_branch_truth" time="0.022" /><testcase classname="tests.test_synthetic_demo" name="test_mean_of_branches_dilutes_a_one_sided_change" time="4.933" /><testcase classname="tests.test_synthetic_demo" name="test_greatest_change_rule_has_low_snr_selection_bias" time="4.505" /><testcase classname="tests.test_synthetic_demo" name="test_branch_daily_ccfs_rejects_mismatched_shapes" time="0.000" /><testcase classname="tests.test_synthetic_parkfield.TestEndToEnd" name="test_pipeline_runs" time="0.159" /><testcase classname="tests.test_synthetic_parkfield.TestEndToEnd" name="test_reduced_chi_square_near_one" time="0.158" /><testcase classname="tests.test_synthetic_parkfield.TestEndToEnd" name="test_truth_recovery" time="0.160" /><testcase classname="tests.test_synthetic_parkfield.TestEndToEnd" name="test_workflow_fits_temperature_shift" time="1.103" /><testcase classname="tests.test_synthetic_parkfield.TestEndToEnd" name="test_residuals_pass_whiteness" time="0.187" /><testcase classname="tests.test_synthetic_parkfield.TestEndToEnd" name="test_phase6_pressure_sensitivity_nonzero" time="0.159" /><testcase classname="tests.test_synthetic_parkfield.TestEndToEnd" name="test_summary_string_runs" time="0.155" /><testcase classname="tests.test_synthetic_parkfield.TestEndToEnd" name="test_export_writes_files" time="0.178" /><testcase classname="tests.test_synthetic_parkfield.TestEndToEnd" name="test_to_dict_serialisable" time="0.161" /><testcase classname="tests.test_uq_bayes" name="test_shapes_and_psd" time="55.091" /><testcase classname="tests.test_uq_bayes" name="test_marginal_cd_wider_than_posterior" time="0.000" /><testcase classname="tests.test_uq_bayes" name="test_neff_below_n" time="0.000" /><testcase classname="tests.test_uq_bayes" name="test_components_finite_and_positive" time="0.000" /><testcase classname="tests.test_uq_bayes" name="test_posterior_tracks_truth" time="0.000" /><testcase classname="tests.test_uq_bayes" name="test_decomposition_is_floor_plus_excess_spread" time="0.000" /><testcase classname="tests.test_uq_bayes" name="test_ensemble_honors_reference_and_gate" time="2.169" /><testcase classname="tests.test_uq_bayes" name="test_stack_is_in_days_and_output_is_decimated_after" time="1.282" /><testcase classname="tests.test_uq_bayes" name="test_ensemble_rejects_non_daily_ccfs[days0]" time="0.000" /><testcase classname="tests.test_uq_bayes" name="test_ensemble_rejects_non_daily_ccfs[days1]" time="0.000" /><testcase classname="tests.test_uq_bayes" name="test_ensemble_rejects_non_daily_ccfs[days2]" time="0.000" /><testcase classname="tests.test_uq_bayes" name="test_ensemble_rejects_non_daily_ccfs[days3]" time="0.000" /><testcase classname="tests.test_uq_bayes" name="test_moving_reference_gate_masks_low_coherence[stretching (TS)]" time="0.000" /><testcase classname="tests.test_uq_bayes" name="test_moving_reference_gate_masks_low_coherence[MWCS]" time="0.000" /><testcase classname="tests.test_uq_bayes" name="test_gibbs_prior_is_gap_aware" time="0.052" /><testcase classname="tests.test_uq_bayes" name="test_gibbs_handles_missing_members" time="0.025" /><testcase classname="tests.test_uq_bayes" name="test_prior_sensitivity" time="0.181" /><testcase classname="tests.test_uq_bayes" name="test_shared_artifact_is_not_detected" time="0.050" /><testcase classname="tests.test_uq_depth" name="test_kernel_peak_depth_decreases_with_frequency" time="3.754" /><testcase classname="tests.test_uq_depth" name="test_area_normalisation_unit_integral" time="3.668" /><testcase classname="tests.test_uq_depth" name="test_depth_inversion_recovers_smooth_bump_and_brackets_truth" time="3.888" /><testcase classname="tests.test_uq_depth" name="test_resolution_trace_bounded_by_band_count" time="3.688" /><testcase classname="tests.test_uq_depth" name="test_shape_validation" time="3.734" /><testcase classname="tests.test_uq_measurement" name="test_weaver_error_monotone_in_coherence" time="0.000" /><testcase classname="tests.test_uq_measurement" name="test_weaver_error_vectorised_and_validated" time="0.000" /><testcase classname="tests.test_uq_measurement" name="test_weaver_eq20_prefactor_matches_weaver_eq21" time="0.000" /><testcase classname="tests.test_uq_measurement" name="test_weaver_error_is_dimensionless" time="0.000" /><testcase classname="tests.test_uq_measurement" name="test_weaver_bandwidth_scaling" time="0.000" /><testcase classname="tests.test_uq_measurement" name="test_bandwidth_timescale_convention" time="0.000" /><testcase classname="tests.test_uq_measurement" name="test_processing_ensemble_total_variance" time="0.000" /><testcase classname="tests.test_uq_measurement" name="test_effective_sample_size_diagonal_returns_n" time="0.001" /><testcase classname="tests.test_uq_measurement" name="test_correlation_and_common_mode_reduce_neff" time="0.000" /><testcase classname="tests.test_uq_measurement" name="test_global_reference_inversion_recovers_truth" time="0.002" /><testcase classname="tests.test_uq_measurement" name="test_single_reference_covariance_is_dense" time="0.000" /><testcase classname="tests.test_uq_processing" name="test_flatten_end_is_frequency_dependent" time="0.000" /><testcase classname="tests.test_uq_processing" name="test_sample_choices_are_valid_windows" time="0.012" /><testcase classname="tests.test_uq_processing" name="test_per_band_zero_mean_mixture_has_no_spread_term" time="0.000" /><testcase classname="tests.test_uq_processing" name="test_per_band_spread_from_conditional_means_and_bias_kept_separate" time="0.124" /><testcase classname="tests.test_uq_processing" name="test_processing_prior_validation" time="0.000" /><testcase classname="tests.test_use_cases" name="test_every_use_case_yields_a_valid_config" time="0.000" /><testcase classname="tests.test_use_cases" name="test_aliases_and_freetext_resolve" time="0.000" /><testcase classname="tests.test_use_cases" name="test_overrides_apply_and_are_validated" time="0.000" /><testcase classname="tests.test_use_cases" name="test_synth_params_and_eps_are_present" time="0.000" /><testcase classname="tests.test_use_cases" name="test_recommended_config_runs_and_recovers_on_a_matched_synthetic" time="1.470" /><testcase classname="tests.test_use_cases" name="test_elicitation_is_well_formed" time="0.000" /></testsuite></testsuites>
